<?xml version="1.0" encoding="UTF-8"?>
<!-- Generated by org.testng.reporters.JUnitReportReporter -->
<testsuite skipped="0" hostname="jarvis" name="testscripts.TC_003_loginWithInValidUserNameAndValidPassword" tests="1" failures="0" timestamp="03 Jan 2021 05:12:41 GMT" time="3.693" errors="0">
  <testcase name="tc_003_loginWithInValidUserNameAndValidPassword" time="3.693" classname="testscripts.TC_003_loginWithInValidUserNameAndValidPassword"/>
</testsuite> <!-- testscripts.TC_003_loginWithInValidUserNameAndValidPassword -->
