<?xml version="1.0" encoding="UTF-8"?>
<!-- Generated by org.testng.reporters.JUnitReportReporter -->
<testsuite skipped="0" hostname="jarvis" name="testscripts.TC_003_loginWithInValidUserNameAndValidPassword" tests="1" failures="0" timestamp="09 Jan 2021 04:30:56 GMT" time="2.450" errors="0">
  <testcase name="tc_003_loginWithInValidUserNameAndValidPassword" time="2.450" classname="testscripts.TC_003_loginWithInValidUserNameAndValidPassword"/>
</testsuite> <!-- testscripts.TC_003_loginWithInValidUserNameAndValidPassword -->
