<?xml version="1.0" encoding="UTF-8"?>
<!-- Generated by org.testng.reporters.JUnitReportReporter -->
<testsuite skipped="0" hostname="jarvis" name="testscripts.TC_001_launchAppWithValidURL" tests="1" failures="0" timestamp="03 Jan 2021 05:12:41 GMT" time="5.220" errors="0">
  <testcase name="tc_001_launchAppWithValidUrl" time="5.220" classname="testscripts.TC_001_launchAppWithValidURL"/>
</testsuite> <!-- testscripts.TC_001_launchAppWithValidURL -->
