<?xml version="1.0" encoding="UTF-8"?>
<!-- Generated by org.testng.reporters.JUnitReportReporter -->
<testsuite skipped="0" hostname="jarvis" name="advanceTopics.RobotClassKeyPressRelease" tests="1" failures="0" timestamp="17 Jan 2021 05:11:18 GMT" time="13.026" errors="0">
  <testcase name="handlingFramesDragDrop" time="13.026" classname="advanceTopics.RobotClassKeyPressRelease"/>
</testsuite> <!-- advanceTopics.RobotClassKeyPressRelease -->
