<?xml version="1.0" encoding="UTF-8"?>
<!-- Generated by org.testng.reporters.JUnitReportReporter -->
<testsuite skipped="0" hostname="jarvis" name="testscripts.TestInstagram" tests="1" failures="0" timestamp="31 Dec 2020 08:58:07 GMT" time="25.883" errors="0">
  <testcase name="instagram" time="25.883" classname="testscripts.TestInstagram"/>
</testsuite> <!-- testscripts.TestInstagram -->
