<?xml version="1.0" encoding="UTF-8"?>
<!-- Generated by org.testng.reporters.JUnitReportReporter -->
<testsuite skipped="0" hostname="jarvis" name="advanceTopics.RobotClassMouseEvent" tests="1" failures="0" timestamp="17 Jan 2021 05:46:12 GMT" time="17.343" errors="0">
  <testcase name="handlingFramesDragDrop" time="17.343" classname="advanceTopics.RobotClassMouseEvent"/>
</testsuite> <!-- advanceTopics.RobotClassMouseEvent -->
