<?xml version="1.0" encoding="UTF-8"?>
<!-- Generated by org.testng.reporters.JUnitReportReporter -->
<testsuite skipped="0" hostname="jarvis" name="advanceTopics.MouseHoverDemo$HandlingFramesAndDragAndDrop" tests="1" failures="0" timestamp="17 Jan 2021 04:17:04 GMT" time="27.444" errors="0">
  <testcase name="handlingFramesDragDrop" time="27.444" classname="advanceTopics.MouseHoverDemo$HandlingFramesAndDragAndDrop"/>
</testsuite> <!-- advanceTopics.MouseHoverDemo$HandlingFramesAndDragAndDrop -->
