<?xml version="1.0" encoding="UTF-8"?>
<!-- Generated by org.testng.reporters.JUnitReportReporter -->
<testsuite skipped="0" hostname="jarvis" name="advanceTopics.ToolTipsDemo" tests="1" failures="0" timestamp="17 Jan 2021 04:36:17 GMT" time="122.347" errors="0">
  <testcase name="handlingFramesDragDrop" time="122.347" classname="advanceTopics.ToolTipsDemo"/>
</testsuite> <!-- advanceTopics.ToolTipsDemo -->
