<?xml version="1.0" encoding="UTF-8"?>
<!-- Generated by org.testng.reporters.JUnitReportReporter -->
<testsuite skipped="0" hostname="jarvis" name="advanceTopics.RobotClassMouseMove" tests="1" failures="0" timestamp="17 Jan 2021 05:51:32 GMT" time="26.192" errors="0">
  <testcase name="handlingFramesDragDrop" time="26.192" classname="advanceTopics.RobotClassMouseMove"/>
</testsuite> <!-- advanceTopics.RobotClassMouseMove -->
