<?xml version="1.0" encoding="UTF-8"?>
<!-- Generated by org.testng.reporters.JUnitReportReporter -->
<testsuite skipped="0" hostname="jarvis" name="advanceTopics.HandlingFramesAndDragAndDrop" tests="1" failures="0" timestamp="17 Jan 2021 03:56:07 GMT" time="51.565" errors="0">
  <testcase name="handlingFramesDragDrop" time="51.565" classname="advanceTopics.HandlingFramesAndDragAndDrop"/>
</testsuite> <!-- advanceTopics.HandlingFramesAndDragAndDrop -->
