<?xml version="1.0" encoding="UTF-8"?>
<!-- Generated by org.testng.reporters.JUnitReportReporter -->
<testsuite skipped="0" hostname="jarvis" name="logdemo.LogDemo" tests="1" failures="0" timestamp="09 Jan 2021 04:14:03 GMT" time="0.010" errors="0">
  <testcase name="demo" time="0.010" classname="logdemo.LogDemo"/>
</testsuite> <!-- logdemo.LogDemo -->
