<?xml version="1.0" encoding="UTF-8"?>
<!-- Generated by org.testng.reporters.JUnitReportReporter -->
<testsuite skipped="0" hostname="jarvis" name="testscripts.TC_002_loginWithValidCredentials" tests="1" failures="0" timestamp="09 Jan 2021 05:10:51 GMT" time="32.144" errors="0">
  <testcase name="tc_002_loginWithValidCredentials" time="32.144" classname="testscripts.TC_002_loginWithValidCredentials"/>
</testsuite> <!-- testscripts.TC_002_loginWithValidCredentials -->
